<?xml version="1.0" encoding="utf-8"?><testsuites><testsuite name="pytest" errors="1" failures="0" skipped="0" tests="1" time="0.160" timestamp="2025-03-15T14:48:03.202694+06:00" hostname="Neamuls-MacBook-Pro.local"><testcase classname="" name="tests.test_app" time="0.000"><error message="collection failure">ImportError while importing test module '/Users/neamulkabiremon/Desktop/CICD_Pipeline/AWS-Codepipeline-CICD/cryptostore-product/tests/test_app.py'.
Hint: make sure your test modules/packages have valid Python names.
Traceback:
../../../../.pyenv/versions/3.12.1/lib/python3.12/importlib/__init__.py:90: in import_module
    return _bootstrap._gcd_import(name[level:], package, level)
tests/test_app.py:2: in &lt;module&gt;
    from app import app
E   ModuleNotFoundError: No module named 'app'</error></testcase></testsuite></testsuites>